<?xml version="1.0" encoding="UTF-8"?><testsuite errors="0" failures="0" name="com.studentapp.junit.studentsinfo.StudentsCRUDTest" skipped="0" tests="4" time="8.74" timestamp="2019-11-21 01:41:45"><testcase classname="com.studentapp.junit.studentsinfo.StudentsCRUDTest" name="This test will create a new student"/><testcase classname="com.studentapp.junit.studentsinfo.StudentsCRUDTest" name="Verify if the student was added to the application"/><testcase classname="com.studentapp.junit.studentsinfo.StudentsCRUDTest" name="Update the user information and verify the updated information!"/><testcase classname="com.studentapp.junit.studentsinfo.StudentsCRUDTest" name="Delete the student and verify if the student is deleted!"/></testsuite>