<?xml version="1.0" encoding="UTF-8"?><testsuite errors="0" failures="0" name="com.studentapp.junit.studentsinfo.TagsTest" skipped="0" tests="3" time="1.03" timestamp="2019-11-21 01:41:57"><testcase classname="com.studentapp.junit.studentsinfo.TagsTest" name="This test will provide an error code of 400 when user tries to access an invalid resource"/><testcase classname="com.studentapp.junit.studentsinfo.TagsTest" name="Provide a 405 status code when incorrect HTTP method is used to access a resource"/><testcase classname="com.studentapp.junit.studentsinfo.TagsTest" name="This test will verify if a status code of 200 is returned for GET request"/></testsuite>