<?xml version="1.0" encoding="UTF-8"?>
<testsuite name="com.studentapp.junit.studentsinfo.CreateStudentsDataDrivenTest" time="88.899" tests="100" errors="0" skipped="0" failures="0">
  <properties>
[...]
</properties>
  <testcase name="createMultiplestudents[23]" classname="com.studentapp.junit.studentsinfo.CreateStudentsDataDrivenTest" time="0.343"/>
  <testcase name="createMultiplestudents[21]" classname="com.studentapp.junit.studentsinfo.CreateStudentsDataDrivenTest" time="2.093"/>
  <testcase name="createMultiplestudents[18]" classname="com.studentapp.junit.studentsinfo.CreateStudentsDataDrivenTest" time="2.374"/>
  <testcase name="createMultiplestudents[0]" classname="com.studentapp.junit.studentsinfo.CreateStudentsDataDrivenTest" time="2.374"/>
  <testcase name="createMultiplestudents[7]" classname="com.studentapp.junit.studentsinfo.CreateStudentsDataDrivenTest" time="2.905"/>
  <testcase name="createMultiplestudents[3]" classname="com.studentapp.junit.studentsinfo.CreateStudentsDataDrivenTest" time="2.905"/>
  <testcase name="createMultiplestudents[4]" classname="com.studentapp.junit.studentsinfo.CreateStudentsDataDrivenTest" time="2.905"/>
  <testcase name="createMultiplestudents[19]" classname="com.studentapp.junit.studentsinfo.CreateStudentsDataDrivenTest" time="2.905"/>
  <testcase name="createMultiplestudents[20]" classname="com.studentapp.junit.studentsinfo.CreateStudentsDataDrivenTest" time="2.905"/>
  <testcase name="createMultiplestudents[8]" classname="com.studentapp.junit.studentsinfo.CreateStudentsDataDrivenTest" time="2.905"/>
  <testcase name="createMultiplestudents[17]" classname="com.studentapp.junit.studentsinfo.CreateStudentsDataDrivenTest" time="2.905"/>
  <testcase name="createMultiplestudents[30]" classname="com.studentapp.junit.studentsinfo.CreateStudentsDataDrivenTest" time="2.905"/>
  <testcase name="createMultiplestudents[11]" classname="com.studentapp.junit.studentsinfo.CreateStudentsDataDrivenTest" time="2.905"/>
  <testcase name="createMultiplestudents[25]" classname="com.studentapp.junit.studentsinfo.CreateStudentsDataDrivenTest" time="2.905"/>
  <testcase name="createMultiplestudents[28]" classname="com.studentapp.junit.studentsinfo.CreateStudentsDataDrivenTest" time="2.905"/>
  <testcase name="createMultiplestudents[16]" classname="com.studentapp.junit.studentsinfo.CreateStudentsDataDrivenTest" time="2.905"/>
  <testcase name="createMultiplestudents[12]" classname="com.studentapp.junit.studentsinfo.CreateStudentsDataDrivenTest" time="2.905"/>
  <testcase name="createMultiplestudents[1]" classname="com.studentapp.junit.studentsinfo.CreateStudentsDataDrivenTest" time="0.297"/>
  <testcase name="createMultiplestudents[2]" classname="com.studentapp.junit.studentsinfo.CreateStudentsDataDrivenTest" time="0.297"/>
  <testcase name="createMultiplestudents[14]" classname="com.studentapp.junit.studentsinfo.CreateStudentsDataDrivenTest" time="0.594"/>
  <testcase name="createMultiplestudents[24]" classname="com.studentapp.junit.studentsinfo.CreateStudentsDataDrivenTest" time="0.594"/>
  <testcase name="createMultiplestudents[32]" classname="com.studentapp.junit.studentsinfo.CreateStudentsDataDrivenTest" time="0.562"/>
  <testcase name="createMultiplestudents[10]" classname="com.studentapp.junit.studentsinfo.CreateStudentsDataDrivenTest" time="0.562"/>
  <testcase name="createMultiplestudents[6]" classname="com.studentapp.junit.studentsinfo.CreateStudentsDataDrivenTest" time="0"/>
  <testcase name="createMultiplestudents[5]" classname="com.studentapp.junit.studentsinfo.CreateStudentsDataDrivenTest" time="0"/>
  <testcase name="createMultiplestudents[33]" classname="com.studentapp.junit.studentsinfo.CreateStudentsDataDrivenTest" time="0"/>
  <testcase name="createMultiplestudents[26]" classname="com.studentapp.junit.studentsinfo.CreateStudentsDataDrivenTest" time="0"/>
  <testcase name="createMultiplestudents[15]" classname="com.studentapp.junit.studentsinfo.CreateStudentsDataDrivenTest" time="0"/>
  <testcase name="createMultiplestudents[27]" classname="com.studentapp.junit.studentsinfo.CreateStudentsDataDrivenTest" time="0"/>
  <testcase name="createMultiplestudents[37]" classname="com.studentapp.junit.studentsinfo.CreateStudentsDataDrivenTest" time="0.297"/>
  <testcase name="createMultiplestudents[9]" classname="com.studentapp.junit.studentsinfo.CreateStudentsDataDrivenTest" time="0"/>
  <testcase name="createMultiplestudents[31]" classname="com.studentapp.junit.studentsinfo.CreateStudentsDataDrivenTest" time="0"/>
  <testcase name="createMultiplestudents[29]" classname="com.studentapp.junit.studentsinfo.CreateStudentsDataDrivenTest" time="0"/>
  <testcase name="createMultiplestudents[22]" classname="com.studentapp.junit.studentsinfo.CreateStudentsDataDrivenTest" time="0"/>
  <testcase name="createMultiplestudents[36]" classname="com.studentapp.junit.studentsinfo.CreateStudentsDataDrivenTest" time="0.575"/>
  <testcase name="createMultiplestudents[34]" classname="com.studentapp.junit.studentsinfo.CreateStudentsDataDrivenTest" time="0.842"/>
  <testcase name="createMultiplestudents[48]" classname="com.studentapp.junit.studentsinfo.CreateStudentsDataDrivenTest" time="0.544"/>
  <testcase name="createMultiplestudents[35]" classname="com.studentapp.junit.studentsinfo.CreateStudentsDataDrivenTest" time="0.515"/>
  <testcase name="createMultiplestudents[45]" classname="com.studentapp.junit.studentsinfo.CreateStudentsDataDrivenTest" time="0.531"/>
  <testcase name="createMultiplestudents[43]" classname="com.studentapp.junit.studentsinfo.CreateStudentsDataDrivenTest" time="0.531"/>
  <testcase name="createMultiplestudents[58]" classname="com.studentapp.junit.studentsinfo.CreateStudentsDataDrivenTest" time="0.266"/>
  <testcase name="createMultiplestudents[40]" classname="com.studentapp.junit.studentsinfo.CreateStudentsDataDrivenTest" time="0.266"/>
  <testcase name="createMultiplestudents[13]" classname="com.studentapp.junit.studentsinfo.CreateStudentsDataDrivenTest" time="0.531"/>
  <testcase name="createMultiplestudents[38]" classname="com.studentapp.junit.studentsinfo.CreateStudentsDataDrivenTest" time="0.266"/>
  <testcase name="createMultiplestudents[41]" classname="com.studentapp.junit.studentsinfo.CreateStudentsDataDrivenTest" time="0.265"/>
  <testcase name="createMultiplestudents[42]" classname="com.studentapp.junit.studentsinfo.CreateStudentsDataDrivenTest" time="0.266"/>
  <testcase name="createMultiplestudents[54]" classname="com.studentapp.junit.studentsinfo.CreateStudentsDataDrivenTest" time="0.266"/>
  <testcase name="createMultiplestudents[53]" classname="com.studentapp.junit.studentsinfo.CreateStudentsDataDrivenTest" time="0.266"/>
  <testcase name="createMultiplestudents[51]" classname="com.studentapp.junit.studentsinfo.CreateStudentsDataDrivenTest" time="0.265"/>
  <testcase name="createMultiplestudents[50]" classname="com.studentapp.junit.studentsinfo.CreateStudentsDataDrivenTest" time="0.797"/>
  <testcase name="createMultiplestudents[47]" classname="com.studentapp.junit.studentsinfo.CreateStudentsDataDrivenTest" time="0.797"/>
  <testcase name="createMultiplestudents[46]" classname="com.studentapp.junit.studentsinfo.CreateStudentsDataDrivenTest" time="1.062"/>
  <testcase name="createMultiplestudents[61]" classname="com.studentapp.junit.studentsinfo.CreateStudentsDataDrivenTest" time="1.328"/>
  <testcase name="createMultiplestudents[59]" classname="com.studentapp.junit.studentsinfo.CreateStudentsDataDrivenTest" time="1.328"/>
  <testcase name="createMultiplestudents[55]" classname="com.studentapp.junit.studentsinfo.CreateStudentsDataDrivenTest" time="0.265"/>
  <testcase name="createMultiplestudents[39]" classname="com.studentapp.junit.studentsinfo.CreateStudentsDataDrivenTest" time="0.531"/>
  <testcase name="createMultiplestudents[62]" classname="com.studentapp.junit.studentsinfo.CreateStudentsDataDrivenTest" time="0.797"/>
  <testcase name="createMultiplestudents[65]" classname="com.studentapp.junit.studentsinfo.CreateStudentsDataDrivenTest" time="0"/>
  <testcase name="createMultiplestudents[52]" classname="com.studentapp.junit.studentsinfo.CreateStudentsDataDrivenTest" time="0.531"/>
  <testcase name="createMultiplestudents[49]" classname="com.studentapp.junit.studentsinfo.CreateStudentsDataDrivenTest" time="0.797"/>
  <testcase name="createMultiplestudents[67]" classname="com.studentapp.junit.studentsinfo.CreateStudentsDataDrivenTest" time="0.266"/>
  <testcase name="createMultiplestudents[44]" classname="com.studentapp.junit.studentsinfo.CreateStudentsDataDrivenTest" time="0"/>
  <testcase name="createMultiplestudents[60]" classname="com.studentapp.junit.studentsinfo.CreateStudentsDataDrivenTest" time="0"/>
  <testcase name="createMultiplestudents[64]" classname="com.studentapp.junit.studentsinfo.CreateStudentsDataDrivenTest" time="0"/>
  <testcase name="createMultiplestudents[56]" classname="com.studentapp.junit.studentsinfo.CreateStudentsDataDrivenTest" time="0"/>
  <testcase name="createMultiplestudents[57]" classname="com.studentapp.junit.studentsinfo.CreateStudentsDataDrivenTest" time="0.25"/>
  <testcase name="createMultiplestudents[71]" classname="com.studentapp.junit.studentsinfo.CreateStudentsDataDrivenTest" time="0.265"/>
  <testcase name="createMultiplestudents[69]" classname="com.studentapp.junit.studentsinfo.CreateStudentsDataDrivenTest" time="0.531"/>
  <testcase name="createMultiplestudents[81]" classname="com.studentapp.junit.studentsinfo.CreateStudentsDataDrivenTest" time="1.062"/>
  <testcase name="createMultiplestudents[68]" classname="com.studentapp.junit.studentsinfo.CreateStudentsDataDrivenTest" time="1.062"/>
  <testcase name="createMultiplestudents[70]" classname="com.studentapp.junit.studentsinfo.CreateStudentsDataDrivenTest" time="0.796"/>
  <testcase name="createMultiplestudents[75]" classname="com.studentapp.junit.studentsinfo.CreateStudentsDataDrivenTest" time="0.796"/>
  <testcase name="createMultiplestudents[72]" classname="com.studentapp.junit.studentsinfo.CreateStudentsDataDrivenTest" time="0"/>
  <testcase name="createMultiplestudents[74]" classname="com.studentapp.junit.studentsinfo.CreateStudentsDataDrivenTest" time="0"/>
  <testcase name="createMultiplestudents[63]" classname="com.studentapp.junit.studentsinfo.CreateStudentsDataDrivenTest" time="0.266"/>
  <testcase name="createMultiplestudents[84]" classname="com.studentapp.junit.studentsinfo.CreateStudentsDataDrivenTest" time="0.281"/>
  <testcase name="createMultiplestudents[77]" classname="com.studentapp.junit.studentsinfo.CreateStudentsDataDrivenTest" time="0.547"/>
  <testcase name="createMultiplestudents[78]" classname="com.studentapp.junit.studentsinfo.CreateStudentsDataDrivenTest" time="0.531"/>
  <testcase name="createMultiplestudents[79]" classname="com.studentapp.junit.studentsinfo.CreateStudentsDataDrivenTest" time="0.531"/>
  <testcase name="createMultiplestudents[91]" classname="com.studentapp.junit.studentsinfo.CreateStudentsDataDrivenTest" time="0.531"/>
  <testcase name="createMultiplestudents[66]" classname="com.studentapp.junit.studentsinfo.CreateStudentsDataDrivenTest" time="1.062"/>
  <testcase name="createMultiplestudents[80]" classname="com.studentapp.junit.studentsinfo.CreateStudentsDataDrivenTest" time="0.266"/>
  <testcase name="createMultiplestudents[90]" classname="com.studentapp.junit.studentsinfo.CreateStudentsDataDrivenTest" time="0.563"/>
  <testcase name="createMultiplestudents[89]" classname="com.studentapp.junit.studentsinfo.CreateStudentsDataDrivenTest" time="0.563"/>
  <testcase name="createMultiplestudents[86]" classname="com.studentapp.junit.studentsinfo.CreateStudentsDataDrivenTest" time="0"/>
  <testcase name="createMultiplestudents[85]" classname="com.studentapp.junit.studentsinfo.CreateStudentsDataDrivenTest" time="0.265"/>
  <testcase name="createMultiplestudents[95]" classname="com.studentapp.junit.studentsinfo.CreateStudentsDataDrivenTest" time="0.547"/>
  <testcase name="createMultiplestudents[73]" classname="com.studentapp.junit.studentsinfo.CreateStudentsDataDrivenTest" time="0.547"/>
  <testcase name="createMultiplestudents[76]" classname="com.studentapp.junit.studentsinfo.CreateStudentsDataDrivenTest" time="0.265"/>
  <testcase name="createMultiplestudents[88]" classname="com.studentapp.junit.studentsinfo.CreateStudentsDataDrivenTest" time="0.515"/>
  <testcase name="createMultiplestudents[92]" classname="com.studentapp.junit.studentsinfo.CreateStudentsDataDrivenTest" time="0.515"/>
  <testcase name="createMultiplestudents[82]" classname="com.studentapp.junit.studentsinfo.CreateStudentsDataDrivenTest" time="1.047"/>
  <testcase name="createMultiplestudents[99]" classname="com.studentapp.junit.studentsinfo.CreateStudentsDataDrivenTest" time="1.312"/>
  <testcase name="createMultiplestudents[87]" classname="com.studentapp.junit.studentsinfo.CreateStudentsDataDrivenTest" time="1.312"/>
  <testcase name="createMultiplestudents[94]" classname="com.studentapp.junit.studentsinfo.CreateStudentsDataDrivenTest" time="1.328"/>
  <testcase name="createMultiplestudents[96]" classname="com.studentapp.junit.studentsinfo.CreateStudentsDataDrivenTest" time="1.593"/>
  <testcase name="createMultiplestudents[83]" classname="com.studentapp.junit.studentsinfo.CreateStudentsDataDrivenTest" time="1.593"/>
  <testcase name="createMultiplestudents[93]" classname="com.studentapp.junit.studentsinfo.CreateStudentsDataDrivenTest" time="1.593"/>
  <testcase name="createMultiplestudents[97]" classname="com.studentapp.junit.studentsinfo.CreateStudentsDataDrivenTest" time="1.859"/>
  <testcase name="createMultiplestudents[98]" classname="com.studentapp.junit.studentsinfo.CreateStudentsDataDrivenTest" time="1.859"/>
</testsuite>