<?xml version="1.0" encoding="UTF-8"?><testsuite errors="1" failures="0" name="com.SerenityApiDemo.junit.employeeInfo.SerenityTestFileResponseTest" skipped="1" tests="3" time="4.19" timestamp="2019-11-21 01:19:50"><testcase classname="com.SerenityApiDemo.junit.employeeInfo.SerenityTestFileResponseTest" name="Validating available plans response with base response"><compromised message="Some exception during recording fields" type="java.lang.RuntimeException">Some exception during recording fields</compromised><system-err>Some exception during recording fields&#13;
net.serenitybdd.rest.filters.FieldsRecordingFilter.filter(FieldsRecordingFilter.java:52)&#13;
io.restassured.internal.filter.FilterContextImpl.next(FilterContextImpl.groovy:72)&#13;
io.restassured.filter.log.RequestLoggingFilter.filter(RequestLoggingFilter.java:122)&#13;
net.serenitybdd.rest.filters.FieldsRecordingFilter.filter(FieldsRecordingFilter.java:40)&#13;
io.restassured.internal.filter.FilterContextImpl.next(FilterContextImpl.groovy:72)&#13;
io.restassured.filter.log.RequestLoggingFilter.filter(RequestLoggingFilter.java:122)&#13;
net.serenitybdd.rest.filters.FieldsRecordingFilter.filter(FieldsRecordingFilter.java:40)&#13;
io.restassured.internal.filter.FilterContextImpl.next(FilterContextImpl.groovy:72)&#13;
io.restassured.filter.log.RequestLoggingFilter.filter(RequestLoggingFilter.java:122)&#13;
net.serenitybdd.rest.filters.FieldsRecordingFilter.filter(FieldsRecordingFilter.java:40)&#13;
io.restassured.internal.filter.FilterContextImpl.next(FilterContextImpl.groovy:72)&#13;
io.restassured.filter.log.RequestLoggingFilter.filter(RequestLoggingFilter.java:122)&#13;
net.serenitybdd.rest.filters.FieldsRecordingFilter.filter(FieldsRecordingFilter.java:40)&#13;
io.restassured.internal.filter.FilterContextImpl.next(FilterContextImpl.groovy:72)&#13;
io.restassured.filter.log.RequestLoggingFilter.filter(RequestLoggingFilter.java:122)&#13;
net.serenitybdd.rest.filters.FieldsRecordingFilter.filter(FieldsRecordingFilter.java:40)&#13;
io.restassured.internal.filter.FilterContextImpl.next(FilterContextImpl.groovy:72)&#13;
io.restassured.internal.RequestSpecificationImpl.applyPathParamsAndSendRequest(RequestSpecificationImpl.groovy:1749)&#13;
groovy.lang.MetaMethod.doMethodInvoke(MetaMethod.java:326)&#13;
groovy.lang.MetaClassImpl.invokeMethod(MetaClassImpl.java:1217)&#13;
groovy.lang.MetaClassImpl.invokeMethod(MetaClassImpl.java:1041)&#13;
groovy.lang.MetaClassImpl.invokeMethod(MetaClassImpl.java:821)&#13;
io.restassured.internal.RequestSpecificationImpl.invokeMethod(RequestSpecificationImpl.groovy)&#13;
io.restassured.internal.RequestSpecificationImpl.applyPathParamsAndSendRequest(RequestSpecificationImpl.groovy:1755)&#13;
groovy.lang.MetaMethod.doMethodInvoke(MetaMethod.java:326)&#13;
groovy.lang.MetaClassImpl.invokeMethod(MetaClassImpl.java:1217)&#13;
groovy.lang.MetaClassImpl.invokeMethod(MetaClassImpl.java:1041)&#13;
groovy.lang.MetaClassImpl.invokeMethod(MetaClassImpl.java:821)&#13;
io.restassured.internal.RequestSpecificationImpl.invokeMethod(RequestSpecificationImpl.groovy)&#13;
io.restassured.internal.RequestSpecificationImpl.post(RequestSpecificationImpl.groovy:175)&#13;
net.serenitybdd.rest.decorators.request.RequestSpecificationDecorated.executeCall(RequestSpecificationDecorated.java:263)&#13;
net.serenitybdd.rest.decorators.request.RequestSpecificationDecorated.execute(RequestSpecificationDecorated.java:223)&#13;
net.serenitybdd.rest.decorators.request.RequestSpecificationDecorated.post(RequestSpecificationDecorated.java:75)&#13;
net.serenitybdd.rest.decorators.request.RequestSpecificationDecorated.post(RequestSpecificationDecorated.java:27)&#13;
com.SerenityApiDemo.junit.employeeInfo.SerenityTestFileResponseTest.Test02a(SerenityTestFileResponseTest.java:88)&#13;
</system-err></testcase><testcase classname="com.SerenityApiDemo.junit.employeeInfo.SerenityTestFileResponseTest" name="Ignoring Json attiributes not required for the comparision"><error message="C:\Users\PALAEM\Desktop\SerenityApiDemo\SerenityApiDemo\GetAvailablePlans_baseSerenity.txt" type="java.nio.file.NoSuchFileException">C:\Users\PALAEM\Desktop\SerenityApiDemo\SerenityApiDemo\GetAvailablePlans_baseSerenity.txt</error><system-err>C:\Users\PALAEM\Desktop\SerenityApiDemo\SerenityApiDemo\GetAvailablePlans_baseSerenity.txt&#13;
com.SerenityApiDemo.junit.employeeInfo.SerenityTestFileResponseTest.TestReportWithIgnoreFields04(SerenityTestFileResponseTest.java:143)&#13;
</system-err></testcase><testcase classname="com.SerenityApiDemo.junit.employeeInfo.SerenityTestFileResponseTest" name="Check for the differences in Json Response"/></testsuite>