-------------------------------------------------------------------------------
Test set: com.SerenityApiDemo.junit.employeeInfo.SerenityTestFileResponseTest
-------------------------------------------------------------------------------
Tests run: 3, Failures: 0, Errors: 2, Skipped: 0, Time elapsed: 4.671 s <<< FAILURE! - in com.SerenityApiDemo.junit.employeeInfo.SerenityTestFileResponseTest
Test02a(com.SerenityApiDemo.junit.employeeInfo.SerenityTestFileResponseTest)  Time elapsed: 3.64 s  <<< ERROR!
java.io.FileNotFoundException: C:\Users\PALAEM\Desktop\SerenityApiDemo\SerenityApiDemo\GetAvailablePlans_testSerenity.txt (The system cannot find the path specified)
	at com.SerenityApiDemo.junit.employeeInfo.SerenityTestFileResponseTest.Test02a(SerenityTestFileResponseTest.java:92)

TestReportWithIgnoreFields04(com.SerenityApiDemo.junit.employeeInfo.SerenityTestFileResponseTest)  Time elapsed: 0.281 s  <<< ERROR!
java.nio.file.NoSuchFileException: C:\Users\PALAEM\Desktop\SerenityApiDemo\SerenityApiDemo\GetAvailablePlans_baseSerenity.txt
	at com.SerenityApiDemo.junit.employeeInfo.SerenityTestFileResponseTest.TestReportWithIgnoreFields04(SerenityTestFileResponseTest.java:143)

