<?xml version="1.0" encoding="UTF-8"?>
<testsuite xmlns:xsi="http://www.w3.org/2001/XMLSchema-instance" xsi:noNamespaceSchemaLocation="https://maven.apache.org/surefire/maven-failsafe-plugin/xsd/failsafe-test-report.xsd" name="com.SerenityApiDemo.junit.employeeInfo.SerenityBaseFileResponseTest" time="3.655" tests="1" errors="1" skipped="0" failures="0">
  <properties>
[...]
</properties>
  <testcase name="Test01" classname="com.SerenityApiDemo.junit.employeeInfo.SerenityBaseFileResponseTest" time="3.655">
    <error message="C:\Users\PALAEM\Desktop\SerenityApiDemo\SerenityApiDemo\GetAvailablePlans_baseSerenity.txt (The system cannot find the path specified)" type="java.io.FileNotFoundException">java.io.FileNotFoundException: C:\Users\PALAEM\Desktop\SerenityApiDemo\SerenityApiDemo\GetAvailablePlans_baseSerenity.txt (The system cannot find the path specified)
	at com.SerenityApiDemo.junit.employeeInfo.SerenityBaseFileResponseTest.Test01(SerenityBaseFileResponseTest.java:44)
</error>
    <system-out><![CDATA[13:19:50.228 [main] DEBUG net.thucydides.core.util.PropertiesFileLocalPreferences - LOADING LOCAL PROPERTIES FROM C:\Users\ivc17247adm\Documents\Documentation shared\SerenityApiDemo (2)\SerenityApiDemo\SerenityApiDemo\serenity.properties 
13:19:50.275 [main] DEBUG net.thucydides.core.util.PropertiesFileLocalPreferences - LOADING LOCAL PROPERTIES FROM C:\Users\ivc17247adm\Documents\Documentation shared\SerenityApiDemo (2)\SerenityApiDemo\SerenityApiDemo\serenity.properties 
13:19:50.275 [main] DEBUG net.thucydides.core.util.PropertiesFileLocalPreferences - LOADING LOCAL PROPERTIES FROM C:\Users\ivc17247adm\Documents\Documentation shared\SerenityApiDemo (2)\SerenityApiDemo\SerenityApiDemo\serenity.properties 
13:19:50.275 [main] DEBUG net.thucydides.core.util.PropertiesFileLocalPreferences - serenity.compromised.on=java.io.FileNotFoundException
13:19:50.275 [main] DEBUG net.thucydides.core.util.PropertiesFileLocalPreferences - serenity.test.root=com.SerenityApiDemo.junit
13:19:50.275 [main] DEBUG net.thucydides.core.util.PropertiesFileLocalPreferences - serenity.project.name=SerenityApiDemo 
13:19:50.291 [main] DEBUG net.thucydides.core.util.PropertiesFileLocalPreferences - LOADING LOCAL PROPERTIES FROM C:\Users\ivc17247adm\Documents\Documentation shared\SerenityApiDemo (2)\SerenityApiDemo\SerenityApiDemo\serenity.properties 
13:19:50.291 [main] DEBUG net.thucydides.core.util.PropertiesFileLocalPreferences - LOADING LOCAL PROPERTIES FROM C:\Users\ivc17247adm\Documents\Documentation shared\SerenityApiDemo (2)\SerenityApiDemo\SerenityApiDemo\serenity.properties 
13:19:50.291 [main] DEBUG net.thucydides.core.util.PropertiesFileLocalPreferences - LOADING LOCAL PROPERTIES FROM C:\Users\ivc17247adm\Documents\Documentation shared\SerenityApiDemo (2)\SerenityApiDemo\SerenityApiDemo\serenity.properties 
13:19:50.291 [main] DEBUG net.thucydides.core.util.PropertiesFileLocalPreferences - serenity.compromised.on=java.io.FileNotFoundException
13:19:50.291 [main] DEBUG net.thucydides.core.util.PropertiesFileLocalPreferences - serenity.test.root=com.SerenityApiDemo.junit
13:19:50.291 [main] DEBUG net.thucydides.core.util.PropertiesFileLocalPreferences - serenity.project.name=SerenityApiDemo 
13:19:50.577 [pool-1-thread-1] INFO net.thucydides.core.steps.ConsoleLoggingListener - 

-------------------------------------------------------------------------------------
     _______. _______ .______       _______ .__   __.  __  .___________.____    ____ 
    /       ||   ____||   _  \     |   ____||  \ |  | |  | |           |\   \  /   / 
   |   (----`|  |__   |  |_)  |    |  |__   |   \|  | |  | `---|  |----` \   \/   /  
    \   \    |   __|  |      /     |   __|  |  . `  | |  |     |  |       \_    _/   
.----)   |   |  |____ |  |\  \----.|  |____ |  |\   | |  |     |  |         |  |     
|_______/    |_______|| _| `._____||_______||__| \__| |__|     |__|         |__|    
                                                                                     
 News and tutorials at http://www.serenity-bdd.info                                  
 Documentation at https://wakaleo.gitbooks.io/the-serenity-book/content/             
 Join the Serenity Community on Rocket Chat at https://serenity-bdd.rocket.chat      
 Serenity BDD Support and Training at http://serenity-bdd.info/#/trainingandsupport  
 Learn Serenity BDD online at http://serenity-dojo.com                               
-------------------------------------------------------------------------------------

13:19:54.279 [pool-1-thread-1] DEBUG net.thucydides.core.requirements.RootDirectory - Resource directories found in C:\Users\ivc17247adm\Documents\Documentation shared\SerenityApiDemo (2)\SerenityApiDemo\SerenityApiDemo in 15 ms: [C:\Users\ivc17247adm\Documents\Documentation shared\SerenityApiDemo (2)\SerenityApiDemo\SerenityApiDemo\src\test\resources]
13:19:54.279 [pool-1-thread-1] INFO net.thucydides.core.requirements.PackageRequirementsTagProvider - Loading requirements from package requirements at: com.SerenityApiDemo.junit
13:19:54.654 [pool-1-thread-1] ERROR net.thucydides.core.steps.ConsoleLoggingListener - 
         __  _____ _____ ____ _____ 
 _      / / |_   _| ____/ ___|_   _|
(_)____| |    | | |  _| \___ \ | |  
 |_____| |    | | | |___ ___) || |  
(_)    | |    |_| |_____|____/ |_|  
        \_\                         
  ____ ___  __  __ ____  ____   ___  __  __ ___ ____  _____ ____  
 / ___/ _ \|  \/  |  _ \|  _ \ / _ \|  \/  |_ _/ ___|| ____|  _ \ 
| |  | | | | |\/| | |_) | |_) | | | | |\/| || |\___ \|  _| | | | |
| |__| |_| | |  | |  __/|  _ <| |_| | |  | || | ___) | |___| |_| |
 \____\___/|_|  |_|_|   |_| \_\\___/|_|  |_|___|____/|_____|____/

TEST COMPROMISED: Get available plans base response capture
-------------------------------------
13:19:54.654 [pool-1-thread-1] DEBUG net.thucydides.core.steps.ConsoleLoggingListener - RELATED ISSUES: 
13:19:54.717 [pool-1-thread-1] ERROR net.thucydides.core.steps.ConsoleLoggingListener - TEST FAILED AT STEP POST
13:19:54.717 [pool-1-thread-1] ERROR net.thucydides.core.steps.ConsoleLoggingListener - Some exception during recording fields
13:19:54.717 [pool-1-thread-1] DEBUG net.thucydides.core.reports.ReportService - Reporting formats: [JSON, HTML]
13:19:54.779 [pool-1-thread-1] DEBUG net.thucydides.core.reports.ReportService - Reporting formats: [JSON, HTML]
13:19:54.779 [pool-1-thread-1] DEBUG net.thucydides.core.reports.ReportService - Generating reports for 1 test outcomes using: net.thucydides.core.reports.json.JSONTestOutcomeReporter@163277d9
13:19:54.779 [pool-1-thread-1] DEBUG net.thucydides.core.reports.junit.JUnitXMLOutcomeReporter - GENERATING JUNIT REPORTS
13:19:54.779 [pool-1-thread-1] DEBUG net.thucydides.core.reports.ReportService - Processing test outcome Serenity base file response test:Test01
13:19:54.779 [pool-1-thread-1] DEBUG net.thucydides.core.reports.ReportService - net.thucydides.core.reports.json.JSONTestOutcomeReporter@163277d9: Generating report for test outcome: Serenity base file response test:Test01
13:19:54.795 [pool-1-thread-1] DEBUG net.thucydides.core.reports.json.JSONTestOutcomeReporter - Generating JSON report for Get available plans base response capture to file C:\Users\ivc17247adm\Documents\Documentation shared\SerenityApiDemo (2)\SerenityApiDemo\SerenityApiDemo\target\site\serenity\60d6776ac796d43d0386815f9e0c4d77bf78e16ca7e113ce5ae80599a87641aa.json (using temp file C:\Users\ivc17247adm\Documents\Documentation shared\SerenityApiDemo (2)\SerenityApiDemo\SerenityApiDemo\target\site\serenity\60d6776ac796d43d0386815f9e0c4d77bf78e16ca7e113ce5ae80599a87641aa.json8990075b-47f7-4c43-90ce-022c29160237)
13:19:54.873 [pool-1-thread-1] DEBUG net.thucydides.core.reports.ReportService - Processing test outcome Serenity base file response test:Test01 done
13:19:54.982 [pool-1-thread-1] DEBUG net.thucydides.core.reports.ReportService - Shutting down executor service
13:19:54.982 [pool-1-thread-1] DEBUG net.thucydides.core.reports.ReportService - Reports generated in: 203 ms
13:19:54.982 [pool-1-thread-1] DEBUG net.thucydides.core.reports.ReportService - Generating reports for 1 test outcomes using: net.thucydides.core.reports.html.HtmlAcceptanceTestReporter@5120556c
13:19:54.982 [pool-1-thread-1] DEBUG net.thucydides.core.reports.junit.JUnitXMLOutcomeReporter - GENERATING JUNIT REPORTS
13:19:54.982 [pool-2-thread-1] DEBUG net.thucydides.core.reports.ReportService - Processing test outcome Serenity base file response test:Test01
13:19:54.982 [pool-2-thread-1] DEBUG net.thucydides.core.reports.ReportService - net.thucydides.core.reports.html.HtmlAcceptanceTestReporter@5120556c: Generating report for test outcome: Serenity base file response test:Test01
13:19:54.982 [pool-2-thread-1] DEBUG net.thucydides.core.reports.html.HtmlAcceptanceTestReporter - GENERATE TEST OUTCOME REPORT FOR Test01 in 60d6776ac796d43d0386815f9e0c4d77bf78e16ca7e113ce5ae80599a87641aa
13:19:54.982 [pool-2-thread-1] INFO net.thucydides.core.requirements.PackageRequirementsTagProvider - Loading requirements from package requirements at: com.SerenityApiDemo.junit
13:19:55.263 [pool-2-thread-1] DEBUG net.thucydides.core.requirements.RequirementsTagProvider -  found:[Requirement{name='Employee info', type='feature' parent = 'null', cardNumber='null'}]
13:19:55.279 [pool-2-thread-1] DEBUG net.thucydides.core.requirements.BaseRequirementsService - Requirement found for test outcome Get available plans base response capture-[]: Optional[Requirement{name='Serenity base file response test', type='story' parent = 'Employee info', cardNumber='null'}]
13:19:55.279 [pool-2-thread-1] DEBUG net.thucydides.core.requirements.BaseRequirementsService - Requirement found for test outcome Get available plans base response capture-[]: Optional[Requirement{name='Serenity base file response test', type='story' parent = 'Employee info', cardNumber='null'}]
13:19:55.342 [pool-2-thread-1] DEBUG net.thucydides.core.reports.html.HtmlAcceptanceTestReporter - GENERATING HTML REPORT FOR Serenity base file response test:Test01 in 60d6776ac796d43d0386815f9e0c4d77bf78e16ca7e113ce5ae80599a87641aa.html in directory target\site\serenity  
13:19:55.685 [pool-2-thread-1] DEBUG net.thucydides.core.reports.html.HtmlAcceptanceTestReporter - Generating report in 60d6776ac796d43d0386815f9e0c4d77bf78e16ca7e113ce5ae80599a87641aa.html
13:19:55.966 [pool-2-thread-1] DEBUG net.thucydides.core.reports.html.HtmlAcceptanceTestReporter - Generated report 60d6776ac796d43d0386815f9e0c4d77bf78e16ca7e113ce5ae80599a87641aa.html in 281 ms
13:19:55.966 [pool-2-thread-1] DEBUG net.thucydides.core.reports.ReportService - Processing test outcome Serenity base file response test:Test01 done
13:19:55.966 [pool-1-thread-1] DEBUG net.thucydides.core.reports.ReportService - Shutting down executor service
13:19:55.982 [pool-1-thread-1] DEBUG net.thucydides.core.reports.ReportService - Reports generated in: 1000 ms
13:19:55.982 [pool-1-thread-1] DEBUG net.thucydides.core.reports.ReportService - Generating report for configuration
13:19:50.593 [pool-1-thread-1] DEBUG net.thucydides.core.steps.StepEventBus - Test suite started for class com.SerenityApiDemo.junit.employeeInfo.SerenityBaseFileResponseTest
13:19:50.608 [pool-1-thread-1] INFO net.thucydides.core.steps.ConsoleLoggingListener - Test Suite Started: Serenity base file response test
13:19:50.640 [pool-1-thread-1] DEBUG net.thucydides.core.requirements.RootDirectory - Resource directories found in  in 0 ms: [src\test\resources]
13:19:51.093 [pool-1-thread-1] DEBUG net.thucydides.core.model.featuretags.StoryFileStrategy - Story name for employeeInfo => TestTag{name='Employee info/Serenity base file response test', type='story'}
13:19:51.093 [pool-1-thread-1] INFO net.thucydides.core.steps.ConsoleLoggingListener - 
 _____ _____ ____ _____   ____ _____  _    ____ _____ _____ ____  
|_   _| ____/ ___|_   _| / ___|_   _|/ \  |  _ \_   _| ____|  _ \ 
  | | |  _| \___ \ | |   \___ \ | | / _ \ | |_) || | |  _| | | | |
  | | | |___ ___) || |    ___) || |/ ___ \|  _ < | | | |___| |_| |
  |_| |_____|____/ |_|   |____/ |_/_/   \_\_| \_\|_| |_____|____/ 
                                                                  

TEST STARTED: Test01
-------------------------------------------------------------------
13:19:51.093 [pool-1-thread-1] INFO net.serenitybdd.core.Serenity - TEST NUMBER: 1
13:19:54.170 [pool-1-thread-1] DEBUG org.apache.http.impl.conn.BasicClientConnectionManager - Get connection for route {s}->https://c1-k8s-go0v.aws-us-west-2-green.kube-np.ebiz.verizon.com:443
13:19:54.232 [pool-1-thread-1] DEBUG org.apache.http.impl.conn.DefaultClientConnection - Connection org.apache.http.impl.conn.DefaultClientConnection@2ebd6df4 closed
13:19:54.232 [pool-1-thread-1] DEBUG org.apache.http.impl.conn.DefaultClientConnection - Connection org.apache.http.impl.conn.DefaultClientConnection@2ebd6df4 shut down
13:19:54.232 [pool-1-thread-1] DEBUG org.apache.http.impl.conn.BasicClientConnectionManager - Releasing connection org.apache.http.impl.conn.ManagedClientConnectionImpl@662516ac
]]></system-out>
  </testcase>
</testsuite>